2025-03-27 08:27:36,867 - INFO - Starting to check for Categories 3, 4 tickets every 60 seconds...
2025-03-27 08:27:36,867 - INFO - Press Ctrl+C to stop the program
2025-03-27 08:27:36,867 - INFO - Checking Category 3...
2025-03-27 08:27:39,714 - INFO - Checking availability for Category 3 tickets...
2025-03-27 08:27:43,187 - INFO - No Category 3 tickets available.
2025-03-27 08:27:45,330 - INFO - Checking Category 4...
2025-03-27 08:27:52,225 - INFO - Checking availability for Category 4 tickets...
2025-03-27 08:27:55,321 - INFO - No Category 4 tickets available.
2025-03-27 08:27:57,479 - INFO - Waiting 60 seconds before next check...
2025-03-27 08:28:02,469 - INFO - Program stopped by user
2025-03-27 08:31:09,636 - INFO - Starting to check for Categories 3, 4 tickets every 60 seconds...
2025-03-27 08:31:09,637 - INFO - Press Ctrl+C to stop the program
2025-03-27 08:31:09,637 - INFO - Checking Category 3...
2025-03-27 08:31:12,589 - INFO - Checking availability for Category 3 tickets...
2025-03-27 08:31:16,164 - INFO - No Category 3 tickets available.
2025-03-27 08:31:18,358 - INFO - Checking Category 4...
2025-03-27 08:31:25,293 - INFO - Checking availability for Category 4 tickets...
2025-03-27 08:31:28,314 - INFO - No Category 4 tickets available.
2025-03-27 08:31:30,474 - INFO - Waiting 60 seconds before next check...
2025-03-27 08:32:30,474 - INFO - Checking Category 3...
2025-03-27 08:32:37,417 - INFO - Checking availability for Category 3 tickets...
2025-03-27 08:32:40,849 - INFO - No Category 3 tickets available.
2025-03-27 08:32:43,014 - INFO - Checking Category 4...
2025-03-27 08:32:49,930 - INFO - Checking availability for Category 4 tickets...
2025-03-27 08:32:52,924 - INFO - No Category 4 tickets available.
2025-03-27 08:32:55,170 - INFO - Waiting 60 seconds before next check...
2025-03-27 08:33:55,171 - INFO - Checking Category 3...
2025-03-27 08:34:02,104 - INFO - Checking availability for Category 3 tickets...
2025-03-27 08:34:05,686 - INFO - No Category 3 tickets available.
2025-03-27 08:34:07,834 - INFO - Checking Category 4...
2025-03-27 08:34:14,730 - INFO - Checking availability for Category 4 tickets...
2025-03-27 08:34:17,736 - INFO - No Category 4 tickets available.
2025-03-27 08:34:19,889 - INFO - Waiting 60 seconds before next check...
2025-03-27 08:35:19,890 - INFO - Checking Category 3...
2025-03-27 08:35:26,822 - INFO - Checking availability for Category 3 tickets...
2025-03-27 08:35:30,310 - INFO - No Category 3 tickets available.
2025-03-27 08:35:32,495 - INFO - Checking Category 4...
2025-03-27 08:35:39,528 - INFO - Checking availability for Category 4 tickets...
2025-03-27 08:35:42,552 - INFO - No Category 4 tickets available.
2025-03-27 08:35:44,764 - INFO - Waiting 60 seconds before next check...
2025-03-27 08:36:44,765 - INFO - Checking Category 3...
2025-03-27 08:36:51,666 - INFO - Checking availability for Category 3 tickets...
2025-03-27 08:36:55,212 - INFO - No Category 3 tickets available.
2025-03-27 08:36:57,385 - INFO - Checking Category 4...
2025-03-27 08:37:04,230 - INFO - Checking availability for Category 4 tickets...
2025-03-27 08:37:07,245 - INFO - No Category 4 tickets available.
2025-03-27 08:37:09,394 - INFO - Waiting 60 seconds before next check...
2025-03-27 08:38:09,395 - INFO - Checking Category 3...
2025-03-27 08:38:16,298 - INFO - Checking availability for Category 3 tickets...
2025-03-27 08:38:19,911 - INFO - No Category 3 tickets available.
2025-03-27 08:38:22,115 - INFO - Checking Category 4...
2025-03-27 08:38:29,006 - INFO - Checking availability for Category 4 tickets...
2025-03-27 08:38:32,015 - INFO - No Category 4 tickets available.
2025-03-27 08:38:34,145 - INFO - Waiting 60 seconds before next check...
2025-03-27 08:39:34,146 - INFO - Checking Category 3...
2025-03-27 08:39:41,122 - INFO - Checking availability for Category 3 tickets...
2025-03-27 08:39:44,629 - INFO - No Category 3 tickets available.
2025-03-27 08:39:46,824 - INFO - Checking Category 4...
2025-03-27 08:39:53,718 - INFO - Checking availability for Category 4 tickets...
2025-03-27 08:39:56,731 - INFO - No Category 4 tickets available.
2025-03-27 08:39:58,855 - INFO - Waiting 60 seconds before next check...
2025-03-27 08:40:58,856 - INFO - Checking Category 3...
2025-03-27 08:41:05,849 - INFO - Checking availability for Category 3 tickets...
2025-03-27 08:41:09,327 - INFO - No Category 3 tickets available.
2025-03-27 08:41:11,503 - INFO - Checking Category 4...
2025-03-27 08:41:18,422 - INFO - Checking availability for Category 4 tickets...
2025-03-27 08:41:21,388 - INFO - No Category 4 tickets available.
2025-03-27 08:41:23,515 - INFO - Waiting 60 seconds before next check...
2025-03-27 08:42:23,516 - INFO - Checking Category 3...
2025-03-27 08:42:30,856 - INFO - Checking availability for Category 3 tickets...
2025-03-27 08:42:34,264 - INFO - No Category 3 tickets available.
2025-03-27 08:42:36,428 - INFO - Checking Category 4...
2025-03-27 08:42:43,392 - INFO - Checking availability for Category 4 tickets...
2025-03-27 08:42:46,454 - INFO - No Category 4 tickets available.
2025-03-27 08:42:48,610 - INFO - Waiting 60 seconds before next check...
2025-03-27 08:43:48,611 - INFO - Checking Category 3...
2025-03-27 08:43:55,526 - INFO - Checking availability for Category 3 tickets...
2025-03-27 08:43:59,018 - INFO - No Category 3 tickets available.
2025-03-27 08:44:01,137 - INFO - Checking Category 4...
2025-03-27 08:44:08,111 - INFO - Checking availability for Category 4 tickets...
2025-03-27 08:44:11,159 - INFO - No Category 4 tickets available.
2025-03-27 08:44:13,286 - INFO - Waiting 60 seconds before next check...
2025-03-27 08:45:13,287 - INFO - Checking Category 3...
2025-03-27 08:45:20,259 - INFO - Checking availability for Category 3 tickets...
2025-03-27 08:45:23,783 - INFO - No Category 3 tickets available.
2025-03-27 08:45:25,933 - INFO - Checking Category 4...
2025-03-27 08:45:32,933 - INFO - Checking availability for Category 4 tickets...
2025-03-27 08:45:35,967 - INFO - No Category 4 tickets available.
2025-03-27 08:45:38,112 - INFO - Waiting 60 seconds before next check...
2025-03-27 08:46:38,113 - INFO - Checking Category 3...
2025-03-27 08:46:45,051 - INFO - Checking availability for Category 3 tickets...
2025-03-27 08:46:48,781 - INFO - No Category 3 tickets available.
2025-03-27 08:46:50,945 - INFO - Checking Category 4...
2025-03-27 08:46:57,895 - INFO - Checking availability for Category 4 tickets...
2025-03-27 08:47:00,892 - INFO - No Category 4 tickets available.
2025-03-27 08:47:03,103 - INFO - Waiting 60 seconds before next check...
2025-03-27 08:48:03,104 - INFO - Checking Category 3...
2025-03-27 08:48:10,053 - INFO - Checking availability for Category 3 tickets...
2025-03-27 08:48:13,622 - INFO - No Category 3 tickets available.
2025-03-27 08:48:15,753 - INFO - Checking Category 4...
2025-03-27 08:48:22,668 - INFO - Checking availability for Category 4 tickets...
2025-03-27 08:48:25,687 - INFO - No Category 4 tickets available.
2025-03-27 08:48:27,835 - INFO - Waiting 60 seconds before next check...
2025-03-27 08:49:27,836 - INFO - Checking Category 3...
2025-03-27 08:49:34,867 - INFO - Checking availability for Category 3 tickets...
2025-03-27 08:49:38,310 - INFO - No Category 3 tickets available.
2025-03-27 08:49:40,495 - INFO - Checking Category 4...
2025-03-27 08:49:47,444 - INFO - Checking availability for Category 4 tickets...
2025-03-27 08:49:50,454 - INFO - No Category 4 tickets available.
2025-03-27 08:49:52,675 - INFO - Waiting 60 seconds before next check...
2025-03-27 08:50:52,676 - INFO - Checking Category 3...
2025-03-27 08:50:59,638 - INFO - Checking availability for Category 3 tickets...
2025-03-27 08:51:03,163 - INFO - No Category 3 tickets available.
2025-03-27 08:51:05,360 - INFO - Checking Category 4...
2025-03-27 08:51:12,677 - INFO - Checking availability for Category 4 tickets...
2025-03-27 08:51:15,721 - INFO - No Category 4 tickets available.
2025-03-27 08:51:17,979 - INFO - Waiting 60 seconds before next check...
2025-03-27 08:52:17,980 - INFO - Checking Category 3...
2025-03-27 08:52:25,116 - INFO - Checking availability for Category 3 tickets...
2025-03-27 08:52:28,689 - INFO - No Category 3 tickets available.
2025-03-27 08:52:30,845 - INFO - Checking Category 4...
2025-03-27 08:52:38,027 - INFO - Checking availability for Category 4 tickets...
2025-03-27 08:52:40,995 - INFO - No Category 4 tickets available.
2025-03-27 08:52:43,122 - INFO - Waiting 60 seconds before next check...
2025-03-27 08:53:43,123 - INFO - Checking Category 3...
2025-03-27 08:53:50,189 - INFO - Checking availability for Category 3 tickets...
2025-03-27 08:53:53,658 - INFO - No Category 3 tickets available.
2025-03-27 08:53:55,827 - INFO - Checking Category 4...
2025-03-27 08:54:02,804 - INFO - Checking availability for Category 4 tickets...
2025-03-27 08:54:05,800 - INFO - No Category 4 tickets available.
2025-03-27 08:54:07,918 - INFO - Waiting 60 seconds before next check...
2025-03-27 08:55:07,918 - INFO - Checking Category 3...
2025-03-27 08:55:14,962 - INFO - Checking availability for Category 3 tickets...
2025-03-27 08:55:18,536 - INFO - No Category 3 tickets available.
2025-03-27 08:55:20,750 - INFO - Checking Category 4...
2025-03-27 08:55:27,744 - INFO - Checking availability for Category 4 tickets...
2025-03-27 08:55:30,723 - INFO - No Category 4 tickets available.
2025-03-27 08:55:32,882 - INFO - Waiting 60 seconds before next check...
2025-03-27 08:56:32,883 - INFO - Checking Category 3...
2025-03-27 08:56:39,870 - INFO - Checking availability for Category 3 tickets...
2025-03-27 08:56:43,398 - INFO - No Category 3 tickets available.
2025-03-27 08:56:45,556 - INFO - Checking Category 4...
2025-03-27 08:56:52,516 - INFO - Checking availability for Category 4 tickets...
2025-03-27 08:56:55,544 - INFO - No Category 4 tickets available.
2025-03-27 08:56:57,754 - INFO - Waiting 60 seconds before next check...
2025-03-27 08:57:57,755 - INFO - Checking Category 3...
2025-03-27 08:58:04,740 - INFO - Checking availability for Category 3 tickets...
2025-03-27 08:58:08,247 - INFO - No Category 3 tickets available.
2025-03-27 08:58:10,395 - INFO - Checking Category 4...
2025-03-27 08:58:17,408 - INFO - Checking availability for Category 4 tickets...
2025-03-27 08:58:20,414 - INFO - No Category 4 tickets available.
2025-03-27 08:58:22,548 - INFO - Waiting 60 seconds before next check...
2025-03-27 08:59:22,549 - INFO - Checking Category 3...
2025-03-27 08:59:30,614 - INFO - Checking availability for Category 3 tickets...
2025-03-27 08:59:34,191 - INFO - No Category 3 tickets available.
2025-03-27 08:59:36,331 - INFO - Checking Category 4...
2025-03-27 08:59:43,324 - INFO - Checking availability for Category 4 tickets...
2025-03-27 08:59:46,382 - INFO - No Category 4 tickets available.
2025-03-27 08:59:48,623 - INFO - Waiting 60 seconds before next check...
2025-03-27 09:00:48,624 - INFO - Checking Category 3...
2025-03-27 09:00:55,640 - INFO - Checking availability for Category 3 tickets...
2025-03-27 09:00:59,152 - INFO - No Category 3 tickets available.
2025-03-27 09:01:01,326 - INFO - Checking Category 4...
2025-03-27 09:01:08,248 - INFO - Checking availability for Category 4 tickets...
2025-03-27 09:01:11,205 - INFO - No Category 4 tickets available.
2025-03-27 09:01:13,358 - INFO - Waiting 60 seconds before next check...
